#
# There is insufficient memory for the Java Runtime Environment to continue.
# Native memory allocation (malloc) failed to allocate 60176 bytes for Chunk::new
# Possible reasons:
#   The system is out of physical RAM or swap space
#   The process is running with CompressedOops enabled, and the Java Heap may be blocking the growth of the native heap
# Possible solutions:
#   Reduce memory load on the system
#   Increase physical memory or swap space
#   Check if swap backing store is full
#   Decrease Java heap size (-Xmx/-Xms)
#   Decrease number of Java threads
#   Decrease Java thread stack sizes (-Xss)
#   Set larger code cache with -XX:ReservedCodeCacheSize=
#   JVM is running with Unscaled Compressed Oops mode in which the Java heap is
#     placed in the first 4GB address space. The Java Heap base address is the
#     maximum limit for the native heap growth. Please use -XX:HeapBaseMinAddress
#     to set the Java Heap base and to place the Java Heap above 4GB virtual address.
# This output file may be truncated or incomplete.
#
#  Out of Memory Error (arena.cpp:189), pid=14312, tid=22040
#
# JRE version: Java(TM) SE Runtime Environment (17.0.11+7) (build 17.0.11+7-LTS-207)
# Java VM: Java HotSpot(TM) 64-Bit Server VM (17.0.11+7-LTS-207, mixed mode, sharing, tiered, compressed oops, compressed class ptrs, g1 gc, windows-amd64)
# No core dump will be written. Minidumps are not enabled by default on client versions of Windows
#

---------------  S U M M A R Y ------------

Command Line: --add-opens=java.base/java.util=ALL-UNNAMED --add-opens=java.base/java.lang=ALL-UNNAMED --add-opens=java.base/java.lang.invoke=ALL-UNNAMED --add-opens=java.prefs/java.util.prefs=ALL-UNNAMED --add-opens=java.base/java.nio.charset=ALL-UNNAMED --add-opens=java.base/java.net=ALL-UNNAMED --add-opens=java.base/java.util.concurrent.atomic=ALL-UNNAMED -Xmx2048m -Dfile.encoding=UTF-8 -Duser.country=FR -Duser.language=fr -Duser.variant -javaagent:C:\Users\pc\.gradle\wrapper\dists\gradle-8.7-bin\bhs2wmbdwecv87pi65oeuq5iu\gradle-8.7\lib\agents\gradle-instrumentation-agent-8.7.jar org.gradle.launcher.daemon.bootstrap.GradleDaemon 8.7

Host: Intel(R) Core(TM) i5-10310U CPU @ 1.70GHz, 8 cores, 15G,  Windows 10 , 64 bit Build 19041 (10.0.19041.5198)
Time: Tue Dec 24 13:10:46 2024 Maroc (heure d64 bit Build 19041 (10.0.19041.5198) elapsed time: 25.947055 seconds (0d 0h 0m 25s)

---------------  T H R E A D  ---------------

Current thread (0x0000020e9497ea60):  JavaThread "C2 CompilerThread1" daemon [_thread_in_native, id=22040, stack(0x00000084b2d00000,0x00000084b2e00000)]


Current CompileTask:
C2:  25947 6431       4       org.jetbrains.kotlin.com.intellij.openapi.vfs.impl.ArchiveHandler::directoryEntry (144 bytes)

Stack: [0x00000084b2d00000,0x00000084b2e00000]
Native frames: (J=compiled Java code, j=interpreted, Vv=VM code, C=native code)
V  [jvm.dll+0x679cca]
V  [jvm.dll+0x7da13d]
V  [jvm.dll+0x7dba83]
V  [jvm.dll+0x7dc0f3]
V  [jvm.dll+0x2449af]
V  [jvm.dll+0xab83b]
V  [jvm.dll+0xabe1c]
V  [jvm.dll+0x56303b]
V  [jvm.dll+0x1b9fe0]
V  [jvm.dll+0x216337]
V  [jvm.dll+0x21560f]
V  [jvm.dll+0x1a2040]
V  [jvm.dll+0x225a2b]
V  [jvm.dll+0x223bcb]
V  [jvm.dll+0x7903ec]
V  [jvm.dll+0x78a85a]
V  [jvm.dll+0x678bb5]
C  [ucrtbase.dll+0x21bb2]
C  [KERNEL32.DLL+0x17374]
C  [ntdll.dll+0x4cc91]


---------------  P R O C E S S  ---------------

Threads class SMR info:
_java_thread_list=0x0000020e8f17ba30, length=42, elements={
0x0000020e2bc9c2b0, 0x0000020e49ee0780, 0x0000020e49ee1cb0, 0x0000020e49ef50d0,
0x0000020e49ef8ac0, 0x0000020e49efbb70, 0x0000020e49f00450, 0x0000020e49f027a0,
0x0000020e49f046d0, 0x0000020e49f07800, 0x0000020e49eca130, 0x0000020e8f374730,
0x0000020e9166f2f0, 0x0000020e8fe9cca0, 0x0000020e92068af0, 0x0000020e903d6240,
0x0000020e906dab70, 0x0000020e8f24a980, 0x0000020e8f249030, 0x0000020e8f24b8b0,
0x0000020e8f24b3a0, 0x0000020e8f24bdc0, 0x0000020e8f24c7e0, 0x0000020e8f249540,
0x0000020e8f249a50, 0x0000020e8f249f60, 0x0000020e8f24a470, 0x0000020e8f24ae90,
0x0000020e915940b0, 0x0000020e91597350, 0x0000020e915945c0, 0x0000020e91595f10,
0x0000020e91597860, 0x0000020e91592c70, 0x0000020e91597d70, 0x0000020e91598280,
0x0000020e915996c0, 0x0000020e91596e40, 0x0000020e91599bd0, 0x0000020e91594fe0,
0x0000020e9497ea60, 0x0000020e90989c60
}

Java Threads: ( => current thread )
  0x0000020e2bc9c2b0 JavaThread "main" [_thread_blocked, id=20192, stack(0x00000084af400000,0x00000084af500000)]
  0x0000020e49ee0780 JavaThread "Reference Handler" daemon [_thread_blocked, id=11260, stack(0x00000084afb00000,0x00000084afc00000)]
  0x0000020e49ee1cb0 JavaThread "Finalizer" daemon [_thread_blocked, id=1252, stack(0x00000084afc00000,0x00000084afd00000)]
  0x0000020e49ef50d0 JavaThread "Signal Dispatcher" daemon [_thread_blocked, id=14384, stack(0x00000084afd00000,0x00000084afe00000)]
  0x0000020e49ef8ac0 JavaThread "Attach Listener" daemon [_thread_blocked, id=14544, stack(0x00000084afe00000,0x00000084aff00000)]
  0x0000020e49efbb70 JavaThread "Service Thread" daemon [_thread_blocked, id=12512, stack(0x00000084aff00000,0x00000084b0000000)]
  0x0000020e49f00450 JavaThread "Monitor Deflation Thread" daemon [_thread_blocked, id=14588, stack(0x00000084b0000000,0x00000084b0100000)]
  0x0000020e49f027a0 JavaThread "C2 CompilerThread0" daemon [_thread_in_native, id=4004, stack(0x00000084b0100000,0x00000084b0200000)]
  0x0000020e49f046d0 JavaThread "C1 CompilerThread0" daemon [_thread_blocked, id=14548, stack(0x00000084b0200000,0x00000084b0300000)]
  0x0000020e49f07800 JavaThread "Sweeper thread" daemon [_thread_blocked, id=14500, stack(0x00000084b0300000,0x00000084b0400000)]
  0x0000020e49eca130 JavaThread "Common-Cleaner" daemon [_thread_blocked, id=21104, stack(0x00000084b0400000,0x00000084b0500000)]
  0x0000020e8f374730 JavaThread "Notification Thread" daemon [_thread_blocked, id=14576, stack(0x00000084b0500000,0x00000084b0600000)]
  0x0000020e9166f2f0 JavaThread "Daemon health stats" [_thread_blocked, id=14108, stack(0x00000084b0d00000,0x00000084b0e00000)]
  0x0000020e8fe9cca0 JavaThread "Incoming local TCP Connector on port 64091" [_thread_in_native, id=19856, stack(0x00000084b0700000,0x00000084b0800000)]
  0x0000020e92068af0 JavaThread "Daemon periodic checks" [_thread_blocked, id=13512, stack(0x00000084b0e00000,0x00000084b0f00000)]
  0x0000020e903d6240 JavaThread "Daemon" [_thread_blocked, id=2096, stack(0x00000084b0f00000,0x00000084b1000000)]
  0x0000020e906dab70 JavaThread "Handler for socket connection from /127.0.0.1:64091 to /127.0.0.1:64108" [_thread_in_native, id=12184, stack(0x00000084b1000000,0x00000084b1100000)]
  0x0000020e8f24a980 JavaThread "Cancel handler" [_thread_blocked, id=16396, stack(0x00000084b1100000,0x00000084b1200000)]
  0x0000020e8f249030 JavaThread "Daemon worker" [_thread_in_Java, id=19580, stack(0x00000084b1200000,0x00000084b1300000)]
  0x0000020e8f24b8b0 JavaThread "Asynchronous log dispatcher for DefaultDaemonConnection: socket connection from /127.0.0.1:64091 to /127.0.0.1:64108" [_thread_blocked, id=14036, stack(0x00000084b1400000,0x00000084b1500000)]
  0x0000020e8f24b3a0 JavaThread "Stdin handler" [_thread_blocked, id=20440, stack(0x00000084b1500000,0x00000084b1600000)]
  0x0000020e8f24bdc0 JavaThread "Daemon client event forwarder" [_thread_blocked, id=21180, stack(0x00000084b1600000,0x00000084b1700000)]
  0x0000020e8f24c7e0 JavaThread "Cache worker for journal cache (C:\Users\pc\.gradle\caches\journal-1)" [_thread_blocked, id=9304, stack(0x00000084b1300000,0x00000084b1400000)]
  0x0000020e8f249540 JavaThread "File lock request listener" [_thread_in_native, id=11908, stack(0x00000084b1700000,0x00000084b1800000)]
  0x0000020e8f249a50 JavaThread "Cache worker for file hash cache (C:\Users\pc\.gradle\caches\8.7\fileHashes)" [_thread_blocked, id=21536, stack(0x00000084b1800000,0x00000084b1900000)]
  0x0000020e8f249f60 JavaThread "Cache worker for file hash cache (C:\Users\pc\Desktop\docker\Idextraction\.gradle\8.7\fileHashes)" [_thread_blocked, id=14556, stack(0x00000084b1b00000,0x00000084b1c00000)]
  0x0000020e8f24a470 JavaThread "File watcher server" daemon [_thread_in_native, id=14100, stack(0x00000084b1f00000,0x00000084b2000000)]
  0x0000020e8f24ae90 JavaThread "File watcher consumer" daemon [_thread_blocked, id=19828, stack(0x00000084b2000000,0x00000084b2100000)]
  0x0000020e915940b0 JavaThread "jar transforms" [_thread_blocked, id=956, stack(0x00000084b1a00000,0x00000084b1b00000)]
  0x0000020e91597350 JavaThread "jar transforms Thread 2" [_thread_blocked, id=16164, stack(0x00000084b2100000,0x00000084b2200000)]
  0x0000020e915945c0 JavaThread "jar transforms Thread 3" [_thread_blocked, id=9092, stack(0x00000084b2200000,0x00000084b2300000)]
  0x0000020e91595f10 JavaThread "Cache worker for checksums cache (C:\Users\pc\Desktop\docker\Idextraction\.gradle\8.7\checksums)" [_thread_blocked, id=8308, stack(0x00000084b2300000,0x00000084b2400000)]
  0x0000020e91597860 JavaThread "Cache worker for cache directory md-supplier (C:\Users\pc\.gradle\caches\8.7\md-supplier)" [_thread_blocked, id=2456, stack(0x00000084b2400000,0x00000084b2500000)]
  0x0000020e91592c70 JavaThread "Cache worker for cache directory md-rule (C:\Users\pc\.gradle\caches\8.7\md-rule)" [_thread_blocked, id=18232, stack(0x00000084b2500000,0x00000084b2600000)]
  0x0000020e91597d70 JavaThread "Cache worker for file content cache (C:\Users\pc\.gradle\caches\8.7\fileContent)" [_thread_blocked, id=23136, stack(0x00000084b2700000,0x00000084b2800000)]
  0x0000020e91598280 JavaThread "jar transforms Thread 4" [_thread_blocked, id=9128, stack(0x00000084b2800000,0x00000084b2900000)]
  0x0000020e915996c0 JavaThread "jar transforms Thread 5" [_thread_blocked, id=4780, stack(0x00000084b1900000,0x00000084b1a00000)]
  0x0000020e91596e40 JavaThread "jar transforms Thread 6" [_thread_blocked, id=16988, stack(0x00000084b2a00000,0x00000084b2b00000)]
  0x0000020e91599bd0 JavaThread "jar transforms Thread 7" [_thread_blocked, id=22004, stack(0x00000084b2b00000,0x00000084b2c00000)]
  0x0000020e91594fe0 JavaThread "jar transforms Thread 8" [_thread_blocked, id=2368, stack(0x00000084b2c00000,0x00000084b2d00000)]
=>0x0000020e9497ea60 JavaThread "C2 CompilerThread1" daemon [_thread_in_native, id=22040, stack(0x00000084b2d00000,0x00000084b2e00000)]
  0x0000020e90989c60 JavaThread "C2 CompilerThread2" daemon [_thread_in_native, id=1472, stack(0x00000084b2e00000,0x00000084b2f00000)]

Other Threads:
  0x0000020e49edb810 VMThread "VM Thread" [stack: 0x00000084afa00000,0x00000084afb00000] [id=17264]
  0x0000020e2bc9d180 WatcherThread [stack: 0x00000084b0600000,0x00000084b0700000] [id=18952]
  0x0000020e2bcf68b0 GCTaskThread "GC Thread#0" [stack: 0x00000084af500000,0x00000084af600000] [id=11504]
  0x0000020e8f527a30 GCTaskThread "GC Thread#1" [stack: 0x00000084b0800000,0x00000084b0900000] [id=16640]
  0x0000020e8f527cf0 GCTaskThread "GC Thread#2" [stack: 0x00000084b0900000,0x00000084b0a00000] [id=23432]
  0x0000020e901d4730 GCTaskThread "GC Thread#3" [stack: 0x00000084b0a00000,0x00000084b0b00000] [id=15440]
  0x0000020e8f399d20 GCTaskThread "GC Thread#4" [stack: 0x00000084b0b00000,0x00000084b0c00000] [id=16084]
  0x0000020e8fe2de80 GCTaskThread "GC Thread#5" [stack: 0x00000084b0c00000,0x00000084b0d00000] [id=14276]
  0x0000020e90f73420 GCTaskThread "GC Thread#6" [stack: 0x00000084b1c00000,0x00000084b1d00000] [id=17748]
  0x0000020e90b00380 GCTaskThread "GC Thread#7" [stack: 0x00000084b1d00000,0x00000084b1e00000] [id=23380]
  0x0000020e2bd07710 ConcurrentGCThread "G1 Main Marker" [stack: 0x00000084af600000,0x00000084af700000] [id=16496]
  0x0000020e2bd087d0 ConcurrentGCThread "G1 Conc#0" [stack: 0x00000084af700000,0x00000084af800000] [id=3448]
  0x0000020e90a1a030 ConcurrentGCThread "G1 Conc#1" [stack: 0x00000084b1e00000,0x00000084b1f00000] [id=20944]
  0x0000020e2bd6e1c0 ConcurrentGCThread "G1 Refine#0" [stack: 0x00000084af800000,0x00000084af900000] [id=3588]
  0x0000020e92c97cc0 ConcurrentGCThread "G1 Refine#1" [stack: 0x00000084b2600000,0x00000084b2700000] [id=16260]
  0x0000020e90130cd0 ConcurrentGCThread "G1 Refine#2" [stack: 0x00000084b2900000,0x00000084b2a00000] [id=13900]
  0x0000020e2bd6eb00 ConcurrentGCThread "G1 Service" [stack: 0x00000084af900000,0x00000084afa00000] [id=9176]

Threads with active compile tasks:
C2 CompilerThread0    26014 6478       4       org.jetbrains.kotlin.com.intellij.openapi.vfs.impl.jar.CoreJarHandler::getOrCreateFile (106 bytes)
C2 CompilerThread1    26014 6431       4       org.jetbrains.kotlin.com.intellij.openapi.vfs.impl.ArchiveHandler::directoryEntry (144 bytes)
C2 CompilerThread2    26014 6441       4       org.jetbrains.kotlin.com.intellij.openapi.vfs.impl.ArchiveHandler::processEntry (225 bytes)

VM state: not at safepoint (normal execution)

VM Mutex/Monitor currently owned by a thread: None

Heap address: 0x0000000080000000, size: 2048 MB, Compressed Oops mode: 32-bit

CDS archive(s) mapped at: [0x0000020e4a000000-0x0000020e4abd0000-0x0000020e4abd0000), size 12386304, SharedBaseAddress: 0x0000020e4a000000, ArchiveRelocationMode: 1.
Compressed class space mapped at: 0x0000020e4b000000-0x0000020e8b000000, reserved size: 1073741824
Narrow klass base: 0x0000020e4a000000, Narrow klass shift: 0, Narrow klass range: 0x100000000

GC Precious Log:
 CPUs: 8 total, 8 available
 Memory: 16157M
 Large Page Support: Disabled
 NUMA Support: Disabled
 Compressed Oops: Enabled (32-bit)
 Heap Region Size: 1M
 Heap Min Capacity: 8M
 Heap Initial Capacity: 254M
 Heap Max Capacity: 2G
 Pre-touch: Disabled
 Parallel Workers: 8
 Concurrent Workers: 2
 Concurrent Refinement Workers: 8
 Periodic GC: Disabled

Heap:
 garbage-first heap   total 172032K, used 106258K [0x0000000080000000, 0x0000000100000000)
  region size 1024K, 53 young (54272K), 3 survivors (3072K)
 Metaspace       used 63003K, committed 63616K, reserved 1114112K
  class space    used 8819K, committed 9088K, reserved 1048576K

Heap Regions: E=young(eden), S=young(survivor), O=old, HS=humongous(starts), HC=humongous(continues), CS=collection set, F=free, OA=open archive, CA=closed archive, TAMS=top-at-mark-start (previous, next)
|   0|0x0000000080000000, 0x0000000080100000, 0x0000000080100000|100%|HS|  |TAMS 0x0000000080100000, 0x0000000080000000| Complete 
|   1|0x0000000080100000, 0x0000000080200000, 0x0000000080200000|100%|HC|  |TAMS 0x0000000080200000, 0x0000000080100000| Complete 
|   2|0x0000000080200000, 0x0000000080300000, 0x0000000080300000|100%|HC|  |TAMS 0x0000000080300000, 0x0000000080200000| Complete 
|   3|0x0000000080300000, 0x0000000080400000, 0x0000000080400000|100%|HC|  |TAMS 0x0000000080400000, 0x0000000080300000| Complete 
|   4|0x0000000080400000, 0x0000000080500000, 0x0000000080500000|100%| O|  |TAMS 0x0000000080500000, 0x0000000080400000| Untracked 
|   5|0x0000000080500000, 0x0000000080600000, 0x0000000080600000|100%| O|  |TAMS 0x0000000080600000, 0x0000000080500000| Untracked 
|   6|0x0000000080600000, 0x0000000080700000, 0x0000000080700000|100%| O|  |TAMS 0x0000000080700000, 0x0000000080600000| Untracked 
|   7|0x0000000080700000, 0x0000000080800000, 0x0000000080800000|100%| O|  |TAMS 0x0000000080800000, 0x0000000080700000| Untracked 
|   8|0x0000000080800000, 0x0000000080900000, 0x0000000080900000|100%| O|  |TAMS 0x0000000080900000, 0x0000000080800000| Untracked 
|   9|0x0000000080900000, 0x0000000080a00000, 0x0000000080a00000|100%| O|  |TAMS 0x0000000080a00000, 0x0000000080900000| Untracked 
|  10|0x0000000080a00000, 0x0000000080b00000, 0x0000000080b00000|100%| O|  |TAMS 0x0000000080b00000, 0x0000000080a00000| Untracked 
|  11|0x0000000080b00000, 0x0000000080c00000, 0x0000000080c00000|100%| O|  |TAMS 0x0000000080c00000, 0x0000000080b00000| Untracked 
|  12|0x0000000080c00000, 0x0000000080d00000, 0x0000000080d00000|100%| O|  |TAMS 0x0000000080d00000, 0x0000000080c00000| Untracked 
|  13|0x0000000080d00000, 0x0000000080e00000, 0x0000000080e00000|100%| O|  |TAMS 0x0000000080e00000, 0x0000000080d00000| Untracked 
|  14|0x0000000080e00000, 0x0000000080f00000, 0x0000000080f00000|100%| O|  |TAMS 0x0000000080f00000, 0x0000000080e00000| Untracked 
|  15|0x0000000080f00000, 0x0000000081000000, 0x0000000081000000|100%| O|  |TAMS 0x0000000081000000, 0x0000000080f00000| Untracked 
|  16|0x0000000081000000, 0x0000000081100000, 0x0000000081100000|100%| O|  |TAMS 0x0000000081100000, 0x0000000081000000| Untracked 
|  17|0x0000000081100000, 0x0000000081200000, 0x0000000081200000|100%| O|  |TAMS 0x0000000081200000, 0x0000000081100000| Untracked 
|  18|0x0000000081200000, 0x0000000081300000, 0x0000000081300000|100%| O|  |TAMS 0x0000000081300000, 0x0000000081200000| Untracked 
|  19|0x0000000081300000, 0x0000000081400000, 0x0000000081400000|100%| O|  |TAMS 0x0000000081400000, 0x0000000081300000| Untracked 
|  20|0x0000000081400000, 0x0000000081500000, 0x0000000081500000|100%| O|  |TAMS 0x0000000081500000, 0x0000000081400000| Untracked 
|  21|0x0000000081500000, 0x0000000081600000, 0x0000000081600000|100%| O|  |TAMS 0x0000000081600000, 0x0000000081500000| Untracked 
|  22|0x0000000081600000, 0x0000000081700000, 0x0000000081700000|100%| O|  |TAMS 0x0000000081700000, 0x0000000081600000| Untracked 
|  23|0x0000000081700000, 0x0000000081800000, 0x0000000081800000|100%| O|  |TAMS 0x0000000081800000, 0x0000000081700000| Untracked 
|  24|0x0000000081800000, 0x0000000081900000, 0x0000000081900000|100%| O|  |TAMS 0x0000000081900000, 0x0000000081800000| Untracked 
|  25|0x0000000081900000, 0x0000000081a00000, 0x0000000081a00000|100%| O|  |TAMS 0x0000000081a00000, 0x0000000081900000| Untracked 
|  26|0x0000000081a00000, 0x0000000081b00000, 0x0000000081b00000|100%| O|  |TAMS 0x0000000081b00000, 0x0000000081a00000| Untracked 
|  27|0x0000000081b00000, 0x0000000081c00000, 0x0000000081c00000|100%| O|  |TAMS 0x0000000081c00000, 0x0000000081b00000| Untracked 
|  28|0x0000000081c00000, 0x0000000081d00000, 0x0000000081d00000|100%| O|  |TAMS 0x0000000081d00000, 0x0000000081c00000| Untracked 
|  29|0x0000000081d00000, 0x0000000081e00000, 0x0000000081e00000|100%| O|  |TAMS 0x0000000081e00000, 0x0000000081d00000| Untracked 
|  30|0x0000000081e00000, 0x0000000081f00000, 0x0000000081f00000|100%| O|  |TAMS 0x0000000081f00000, 0x0000000081e00000| Untracked 
|  31|0x0000000081f00000, 0x0000000082000000, 0x0000000082000000|100%| O|  |TAMS 0x0000000082000000, 0x0000000081f00000| Untracked 
|  32|0x0000000082000000, 0x0000000082100000, 0x0000000082100000|100%| O|  |TAMS 0x0000000082100000, 0x0000000082000000| Untracked 
|  33|0x0000000082100000, 0x0000000082200000, 0x0000000082200000|100%| O|  |TAMS 0x0000000082200000, 0x0000000082100000| Untracked 
|  34|0x0000000082200000, 0x0000000082300000, 0x0000000082300000|100%| O|  |TAMS 0x0000000082300000, 0x0000000082200000| Untracked 
|  35|0x0000000082300000, 0x0000000082400000, 0x0000000082400000|100%| O|  |TAMS 0x0000000082400000, 0x0000000082300000| Untracked 
|  36|0x0000000082400000, 0x0000000082500000, 0x0000000082500000|100%| O|  |TAMS 0x0000000082400000, 0x0000000082400000| Untracked 
|  37|0x0000000082500000, 0x0000000082600000, 0x0000000082600000|100%| O|  |TAMS 0x0000000082500000, 0x0000000082500000| Untracked 
|  38|0x0000000082600000, 0x0000000082700000, 0x0000000082700000|100%| O|  |TAMS 0x0000000082700000, 0x0000000082600000| Untracked 
|  39|0x0000000082700000, 0x0000000082800000, 0x0000000082800000|100%| O|  |TAMS 0x0000000082800000, 0x0000000082700000| Untracked 
|  40|0x0000000082800000, 0x0000000082900000, 0x0000000082900000|100%| O|  |TAMS 0x0000000082900000, 0x0000000082800000| Untracked 
|  41|0x0000000082900000, 0x0000000082a00000, 0x0000000082a00000|100%| O|  |TAMS 0x0000000082a00000, 0x0000000082900000| Untracked 
|  42|0x0000000082a00000, 0x0000000082b00000, 0x0000000082b00000|100%| O|  |TAMS 0x0000000082ad3c00, 0x0000000082a00000| Untracked 
|  43|0x0000000082b00000, 0x0000000082c00000, 0x0000000082c00000|100%| O|  |TAMS 0x0000000082b00000, 0x0000000082b00000| Untracked 
|  44|0x0000000082c00000, 0x0000000082d00000, 0x0000000082d00000|100%| O|  |TAMS 0x0000000082c00000, 0x0000000082c00000| Untracked 
|  45|0x0000000082d00000, 0x0000000082d45e00, 0x0000000082e00000| 27%| O|  |TAMS 0x0000000082d00000, 0x0000000082d00000| Untracked 
|  46|0x0000000082e00000, 0x0000000082f00000, 0x0000000082f00000|100%|HS|  |TAMS 0x0000000082e00000, 0x0000000082e00000| Complete 
|  47|0x0000000082f00000, 0x0000000083000000, 0x0000000083000000|100%|HC|  |TAMS 0x0000000082f00000, 0x0000000082f00000| Complete 
|  48|0x0000000083000000, 0x0000000083100000, 0x0000000083100000|100%|HC|  |TAMS 0x0000000083000000, 0x0000000083000000| Complete 
|  49|0x0000000083100000, 0x0000000083200000, 0x0000000083200000|100%|HC|  |TAMS 0x0000000083100000, 0x0000000083100000| Complete 
|  50|0x0000000083200000, 0x0000000083300000, 0x0000000083300000|100%|HC|  |TAMS 0x0000000083200000, 0x0000000083200000| Complete 
|  51|0x0000000083300000, 0x0000000083400000, 0x0000000083400000|100%|HC|  |TAMS 0x0000000083300000, 0x0000000083300000| Complete 
|  52|0x0000000083400000, 0x0000000083500000, 0x0000000083500000|100%|HS|  |TAMS 0x0000000083400000, 0x0000000083400000| Complete 
|  53|0x0000000083500000, 0x0000000083500000, 0x0000000083600000|  0%| F|  |TAMS 0x0000000083500000, 0x0000000083500000| Untracked 
|  54|0x0000000083600000, 0x0000000083600000, 0x0000000083700000|  0%| F|  |TAMS 0x0000000083600000, 0x0000000083600000| Untracked 
|  55|0x0000000083700000, 0x0000000083700000, 0x0000000083800000|  0%| F|  |TAMS 0x0000000083700000, 0x0000000083700000| Untracked 
|  56|0x0000000083800000, 0x0000000083800000, 0x0000000083900000|  0%| F|  |TAMS 0x0000000083800000, 0x0000000083800000| Untracked 
|  57|0x0000000083900000, 0x0000000083900000, 0x0000000083a00000|  0%| F|  |TAMS 0x0000000083900000, 0x0000000083900000| Untracked 
|  58|0x0000000083a00000, 0x0000000083a00000, 0x0000000083b00000|  0%| F|  |TAMS 0x0000000083a00000, 0x0000000083a00000| Untracked 
|  59|0x0000000083b00000, 0x0000000083b00000, 0x0000000083c00000|  0%| F|  |TAMS 0x0000000083b00000, 0x0000000083b00000| Untracked 
|  60|0x0000000083c00000, 0x0000000083c00000, 0x0000000083d00000|  0%| F|  |TAMS 0x0000000083c00000, 0x0000000083c00000| Untracked 
|  61|0x0000000083d00000, 0x0000000083d00000, 0x0000000083e00000|  0%| F|  |TAMS 0x0000000083d00000, 0x0000000083d00000| Untracked 
|  62|0x0000000083e00000, 0x0000000083e00000, 0x0000000083f00000|  0%| F|  |TAMS 0x0000000083e00000, 0x0000000083e00000| Untracked 
|  63|0x0000000083f00000, 0x0000000083f00000, 0x0000000084000000|  0%| F|  |TAMS 0x0000000083f00000, 0x0000000083f00000| Untracked 
|  64|0x0000000084000000, 0x0000000084000000, 0x0000000084100000|  0%| F|  |TAMS 0x0000000084000000, 0x0000000084000000| Untracked 
|  65|0x0000000084100000, 0x0000000084100000, 0x0000000084200000|  0%| F|  |TAMS 0x0000000084100000, 0x0000000084100000| Untracked 
|  66|0x0000000084200000, 0x0000000084200000, 0x0000000084300000|  0%| F|  |TAMS 0x0000000084200000, 0x0000000084200000| Untracked 
|  67|0x0000000084300000, 0x0000000084300000, 0x0000000084400000|  0%| F|  |TAMS 0x0000000084300000, 0x0000000084300000| Untracked 
|  68|0x0000000084400000, 0x0000000084400000, 0x0000000084500000|  0%| F|  |TAMS 0x0000000084400000, 0x0000000084400000| Untracked 
|  69|0x0000000084500000, 0x0000000084500000, 0x0000000084600000|  0%| F|  |TAMS 0x0000000084500000, 0x0000000084500000| Untracked 
|  70|0x0000000084600000, 0x0000000084600000, 0x0000000084700000|  0%| F|  |TAMS 0x0000000084600000, 0x0000000084600000| Untracked 
|  71|0x0000000084700000, 0x0000000084700000, 0x0000000084800000|  0%| F|  |TAMS 0x0000000084700000, 0x0000000084700000| Untracked 
|  72|0x0000000084800000, 0x0000000084800000, 0x0000000084900000|  0%| F|  |TAMS 0x0000000084800000, 0x0000000084800000| Untracked 
|  73|0x0000000084900000, 0x0000000084900000, 0x0000000084a00000|  0%| F|  |TAMS 0x0000000084900000, 0x0000000084900000| Untracked 
|  74|0x0000000084a00000, 0x0000000084a00000, 0x0000000084b00000|  0%| F|  |TAMS 0x0000000084a00000, 0x0000000084a00000| Untracked 
|  75|0x0000000084b00000, 0x0000000084b00000, 0x0000000084c00000|  0%| F|  |TAMS 0x0000000084b00000, 0x0000000084b00000| Untracked 
|  76|0x0000000084c00000, 0x0000000084c00000, 0x0000000084d00000|  0%| F|  |TAMS 0x0000000084c00000, 0x0000000084c00000| Untracked 
|  77|0x0000000084d00000, 0x0000000084d00000, 0x0000000084e00000|  0%| F|  |TAMS 0x0000000084d00000, 0x0000000084d00000| Untracked 
|  78|0x0000000084e00000, 0x0000000084e00000, 0x0000000084f00000|  0%| F|  |TAMS 0x0000000084e00000, 0x0000000084e00000| Untracked 
|  79|0x0000000084f00000, 0x0000000084f00000, 0x0000000085000000|  0%| F|  |TAMS 0x0000000084f00000, 0x0000000084f00000| Untracked 
|  80|0x0000000085000000, 0x0000000085000000, 0x0000000085100000|  0%| F|  |TAMS 0x0000000085000000, 0x0000000085000000| Untracked 
|  81|0x0000000085100000, 0x0000000085100000, 0x0000000085200000|  0%| F|  |TAMS 0x0000000085100000, 0x0000000085100000| Untracked 
|  82|0x0000000085200000, 0x0000000085200000, 0x0000000085300000|  0%| F|  |TAMS 0x0000000085200000, 0x0000000085200000| Untracked 
|  83|0x0000000085300000, 0x0000000085300000, 0x0000000085400000|  0%| F|  |TAMS 0x0000000085300000, 0x0000000085300000| Untracked 
|  84|0x0000000085400000, 0x0000000085400000, 0x0000000085500000|  0%| F|  |TAMS 0x0000000085400000, 0x0000000085400000| Untracked 
|  85|0x0000000085500000, 0x0000000085500000, 0x0000000085600000|  0%| F|  |TAMS 0x0000000085500000, 0x0000000085500000| Untracked 
|  86|0x0000000085600000, 0x0000000085600000, 0x0000000085700000|  0%| F|  |TAMS 0x0000000085600000, 0x0000000085600000| Untracked 
|  87|0x0000000085700000, 0x0000000085700000, 0x0000000085800000|  0%| F|  |TAMS 0x0000000085700000, 0x0000000085700000| Untracked 
|  88|0x0000000085800000, 0x0000000085800000, 0x0000000085900000|  0%| F|  |TAMS 0x0000000085800000, 0x0000000085800000| Untracked 
|  89|0x0000000085900000, 0x0000000085900000, 0x0000000085a00000|  0%| F|  |TAMS 0x0000000085900000, 0x0000000085900000| Untracked 
|  90|0x0000000085a00000, 0x0000000085a00000, 0x0000000085b00000|  0%| F|  |TAMS 0x0000000085a00000, 0x0000000085a00000| Untracked 
|  91|0x0000000085b00000, 0x0000000085b00000, 0x0000000085c00000|  0%| F|  |TAMS 0x0000000085b00000, 0x0000000085b00000| Untracked 
|  92|0x0000000085c00000, 0x0000000085c00000, 0x0000000085d00000|  0%| F|  |TAMS 0x0000000085c00000, 0x0000000085c00000| Untracked 
|  93|0x0000000085d00000, 0x0000000085d00000, 0x0000000085e00000|  0%| F|  |TAMS 0x0000000085d00000, 0x0000000085d00000| Untracked 
|  94|0x0000000085e00000, 0x0000000085e00000, 0x0000000085f00000|  0%| F|  |TAMS 0x0000000085e00000, 0x0000000085e00000| Untracked 
|  95|0x0000000085f00000, 0x0000000085f00000, 0x0000000086000000|  0%| F|  |TAMS 0x0000000085f00000, 0x0000000085f00000| Untracked 
|  96|0x0000000086000000, 0x0000000086000000, 0x0000000086100000|  0%| F|  |TAMS 0x0000000086000000, 0x0000000086000000| Untracked 
|  97|0x0000000086100000, 0x0000000086100000, 0x0000000086200000|  0%| F|  |TAMS 0x0000000086100000, 0x0000000086100000| Untracked 
|  98|0x0000000086200000, 0x0000000086200000, 0x0000000086300000|  0%| F|  |TAMS 0x0000000086200000, 0x0000000086200000| Untracked 
|  99|0x0000000086300000, 0x0000000086300000, 0x0000000086400000|  0%| F|  |TAMS 0x0000000086300000, 0x0000000086300000| Untracked 
| 100|0x0000000086400000, 0x0000000086400000, 0x0000000086500000|  0%| F|  |TAMS 0x0000000086400000, 0x0000000086400000| Untracked 
| 101|0x0000000086500000, 0x0000000086500000, 0x0000000086600000|  0%| F|  |TAMS 0x0000000086500000, 0x0000000086500000| Untracked 
| 102|0x0000000086600000, 0x0000000086600000, 0x0000000086700000|  0%| F|  |TAMS 0x0000000086600000, 0x0000000086600000| Untracked 
| 103|0x0000000086700000, 0x0000000086700000, 0x0000000086800000|  0%| F|  |TAMS 0x0000000086700000, 0x0000000086700000| Untracked 
| 104|0x0000000086800000, 0x0000000086800000, 0x0000000086900000|  0%| F|  |TAMS 0x0000000086800000, 0x0000000086800000| Untracked 
| 105|0x0000000086900000, 0x0000000086900000, 0x0000000086a00000|  0%| F|  |TAMS 0x0000000086900000, 0x0000000086900000| Untracked 
| 106|0x0000000086a00000, 0x0000000086a00000, 0x0000000086b00000|  0%| F|  |TAMS 0x0000000086a00000, 0x0000000086a00000| Untracked 
| 107|0x0000000086b00000, 0x0000000086b00000, 0x0000000086c00000|  0%| F|  |TAMS 0x0000000086b00000, 0x0000000086b00000| Untracked 
| 108|0x0000000086c00000, 0x0000000086c00000, 0x0000000086d00000|  0%| F|  |TAMS 0x0000000086c00000, 0x0000000086c00000| Untracked 
| 109|0x0000000086d00000, 0x0000000086d00000, 0x0000000086e00000|  0%| F|  |TAMS 0x0000000086d00000, 0x0000000086d00000| Untracked 
| 110|0x0000000086e00000, 0x0000000086e00000, 0x0000000086f00000|  0%| F|  |TAMS 0x0000000086e00000, 0x0000000086e00000| Untracked 
| 111|0x0000000086f00000, 0x0000000086f00000, 0x0000000087000000|  0%| F|  |TAMS 0x0000000086f00000, 0x0000000086f00000| Untracked 
| 112|0x0000000087000000, 0x0000000087000000, 0x0000000087100000|  0%| F|  |TAMS 0x0000000087000000, 0x0000000087000000| Untracked 
| 113|0x0000000087100000, 0x0000000087100000, 0x0000000087200000|  0%| F|  |TAMS 0x0000000087100000, 0x0000000087100000| Untracked 
| 114|0x0000000087200000, 0x0000000087300000, 0x0000000087300000|100%| E|  |TAMS 0x0000000087200000, 0x0000000087200000| Complete 
| 115|0x0000000087300000, 0x0000000087400000, 0x0000000087400000|100%| E|CS|TAMS 0x0000000087300000, 0x0000000087300000| Complete 
| 116|0x0000000087400000, 0x0000000087500000, 0x0000000087500000|100%| E|CS|TAMS 0x0000000087400000, 0x0000000087400000| Complete 
| 117|0x0000000087500000, 0x0000000087600000, 0x0000000087600000|100%| E|CS|TAMS 0x0000000087500000, 0x0000000087500000| Complete 
| 118|0x0000000087600000, 0x0000000087700000, 0x0000000087700000|100%| E|CS|TAMS 0x0000000087600000, 0x0000000087600000| Complete 
| 119|0x0000000087700000, 0x0000000087800000, 0x0000000087800000|100%| E|CS|TAMS 0x0000000087700000, 0x0000000087700000| Complete 
| 120|0x0000000087800000, 0x0000000087900000, 0x0000000087900000|100%| E|CS|TAMS 0x0000000087800000, 0x0000000087800000| Complete 
| 121|0x0000000087900000, 0x0000000087a00000, 0x0000000087a00000|100%| E|CS|TAMS 0x0000000087900000, 0x0000000087900000| Complete 
| 122|0x0000000087a00000, 0x0000000087b00000, 0x0000000087b00000|100%| E|CS|TAMS 0x0000000087a00000, 0x0000000087a00000| Complete 
| 123|0x0000000087b00000, 0x0000000087c00000, 0x0000000087c00000|100%| E|CS|TAMS 0x0000000087b00000, 0x0000000087b00000| Complete 
| 124|0x0000000087c00000, 0x0000000087d00000, 0x0000000087d00000|100%| E|CS|TAMS 0x0000000087c00000, 0x0000000087c00000| Complete 
| 125|0x0000000087d00000, 0x0000000087e00000, 0x0000000087e00000|100%| E|CS|TAMS 0x0000000087d00000, 0x0000000087d00000| Complete 
| 126|0x0000000087e00000, 0x0000000087f00000, 0x0000000087f00000|100%| E|CS|TAMS 0x0000000087e00000, 0x0000000087e00000| Complete 
| 127|0x0000000087f00000, 0x0000000088000000, 0x0000000088000000|100%| E|CS|TAMS 0x0000000087f00000, 0x0000000087f00000| Complete 
| 128|0x0000000088000000, 0x0000000088100000, 0x0000000088100000|100%| E|CS|TAMS 0x0000000088000000, 0x0000000088000000| Complete 
| 129|0x0000000088100000, 0x0000000088200000, 0x0000000088200000|100%| E|CS|TAMS 0x0000000088100000, 0x0000000088100000| Complete 
| 130|0x0000000088200000, 0x0000000088300000, 0x0000000088300000|100%| E|CS|TAMS 0x0000000088200000, 0x0000000088200000| Complete 
| 131|0x0000000088300000, 0x0000000088400000, 0x0000000088400000|100%| E|CS|TAMS 0x0000000088300000, 0x0000000088300000| Complete 
| 132|0x0000000088400000, 0x0000000088500000, 0x0000000088500000|100%| E|CS|TAMS 0x0000000088400000, 0x0000000088400000| Complete 
| 133|0x0000000088500000, 0x0000000088600000, 0x0000000088600000|100%| E|CS|TAMS 0x0000000088500000, 0x0000000088500000| Complete 
| 134|0x0000000088600000, 0x0000000088700000, 0x0000000088700000|100%| E|CS|TAMS 0x0000000088600000, 0x0000000088600000| Complete 
| 135|0x0000000088700000, 0x0000000088800000, 0x0000000088800000|100%| E|CS|TAMS 0x0000000088700000, 0x0000000088700000| Complete 
| 136|0x0000000088800000, 0x0000000088900000, 0x0000000088900000|100%| E|CS|TAMS 0x0000000088800000, 0x0000000088800000| Complete 
| 137|0x0000000088900000, 0x0000000088a00000, 0x0000000088a00000|100%| E|CS|TAMS 0x0000000088900000, 0x0000000088900000| Complete 
| 138|0x0000000088a00000, 0x0000000088b00000, 0x0000000088b00000|100%| E|CS|TAMS 0x0000000088a00000, 0x0000000088a00000| Complete 
| 139|0x0000000088b00000, 0x0000000088c00000, 0x0000000088c00000|100%| E|CS|TAMS 0x0000000088b00000, 0x0000000088b00000| Complete 
| 140|0x0000000088c00000, 0x0000000088d00000, 0x0000000088d00000|100%| E|CS|TAMS 0x0000000088c00000, 0x0000000088c00000| Complete 
| 141|0x0000000088d00000, 0x0000000088e00000, 0x0000000088e00000|100%| E|CS|TAMS 0x0000000088d00000, 0x0000000088d00000| Complete 
| 142|0x0000000088e00000, 0x0000000088f00000, 0x0000000088f00000|100%| E|CS|TAMS 0x0000000088e00000, 0x0000000088e00000| Complete 
| 143|0x0000000088f00000, 0x0000000089000000, 0x0000000089000000|100%| E|CS|TAMS 0x0000000088f00000, 0x0000000088f00000| Complete 
| 144|0x0000000089000000, 0x0000000089100000, 0x0000000089100000|100%| E|CS|TAMS 0x0000000089000000, 0x0000000089000000| Complete 
| 145|0x0000000089100000, 0x0000000089200000, 0x0000000089200000|100%| E|CS|TAMS 0x0000000089100000, 0x0000000089100000| Complete 
| 146|0x0000000089200000, 0x0000000089300000, 0x0000000089300000|100%| E|CS|TAMS 0x0000000089200000, 0x0000000089200000| Complete 
| 147|0x0000000089300000, 0x0000000089400000, 0x0000000089400000|100%| E|CS|TAMS 0x0000000089300000, 0x0000000089300000| Complete 
| 148|0x0000000089400000, 0x0000000089500000, 0x0000000089500000|100%| E|CS|TAMS 0x0000000089400000, 0x0000000089400000| Complete 
| 149|0x0000000089500000, 0x0000000089600000, 0x0000000089600000|100%| E|CS|TAMS 0x0000000089500000, 0x0000000089500000| Complete 
| 150|0x0000000089600000, 0x0000000089700000, 0x0000000089700000|100%| E|CS|TAMS 0x0000000089600000, 0x0000000089600000| Complete 
| 151|0x0000000089700000, 0x0000000089800000, 0x0000000089800000|100%| E|CS|TAMS 0x0000000089700000, 0x0000000089700000| Complete 
| 152|0x0000000089800000, 0x0000000089900000, 0x0000000089900000|100%| E|CS|TAMS 0x0000000089800000, 0x0000000089800000| Complete 
| 153|0x0000000089900000, 0x0000000089a00000, 0x0000000089a00000|100%| E|CS|TAMS 0x0000000089900000, 0x0000000089900000| Complete 
| 154|0x0000000089a00000, 0x0000000089b00000, 0x0000000089b00000|100%| E|CS|TAMS 0x0000000089a00000, 0x0000000089a00000| Complete 
| 155|0x0000000089b00000, 0x0000000089c00000, 0x0000000089c00000|100%| E|CS|TAMS 0x0000000089b00000, 0x0000000089b00000| Complete 
| 156|0x0000000089c00000, 0x0000000089d00000, 0x0000000089d00000|100%| E|CS|TAMS 0x0000000089c00000, 0x0000000089c00000| Complete 
| 157|0x0000000089d00000, 0x0000000089e00000, 0x0000000089e00000|100%| E|CS|TAMS 0x0000000089d00000, 0x0000000089d00000| Complete 
| 158|0x0000000089e00000, 0x0000000089f00000, 0x0000000089f00000|100%| E|CS|TAMS 0x0000000089e00000, 0x0000000089e00000| Complete 
| 159|0x0000000089f00000, 0x000000008a000000, 0x000000008a000000|100%| E|CS|TAMS 0x0000000089f00000, 0x0000000089f00000| Complete 
| 160|0x000000008a000000, 0x000000008a100000, 0x000000008a100000|100%| E|CS|TAMS 0x000000008a000000, 0x000000008a000000| Complete 
| 161|0x000000008a100000, 0x000000008a17ed20, 0x000000008a200000| 49%| S|CS|TAMS 0x000000008a100000, 0x000000008a100000| Complete 
| 162|0x000000008a200000, 0x000000008a300000, 0x000000008a300000|100%| S|CS|TAMS 0x000000008a200000, 0x000000008a200000| Complete 
| 163|0x000000008a300000, 0x000000008a400000, 0x000000008a400000|100%| S|CS|TAMS 0x000000008a300000, 0x000000008a300000| Complete 
| 164|0x000000008a400000, 0x000000008a500000, 0x000000008a500000|100%| E|CS|TAMS 0x000000008a400000, 0x000000008a400000| Complete 
| 165|0x000000008a500000, 0x000000008a600000, 0x000000008a600000|100%| E|CS|TAMS 0x000000008a500000, 0x000000008a500000| Complete 
| 166|0x000000008a600000, 0x000000008a700000, 0x000000008a700000|100%| E|CS|TAMS 0x000000008a600000, 0x000000008a600000| Complete 
| 253|0x000000008fd00000, 0x000000008fe00000, 0x000000008fe00000|100%| E|CS|TAMS 0x000000008fd00000, 0x000000008fd00000| Complete 

Card table byte_map: [0x0000020e42c90000,0x0000020e43090000] _byte_map_base: 0x0000020e42890000

Marking Bits (Prev, Next): (CMBitMap*) 0x0000020e2bcf6e20, (CMBitMap*) 0x0000020e2bcf6de0
 Prev Bits: [0x0000020e45490000, 0x0000020e47490000)
 Next Bits: [0x0000020e43490000, 0x0000020e45490000)

Polling page: 0x0000020e2b470000

Metaspace:

Usage:
  Non-class:     52.91 MB used.
      Class:      8.61 MB used.
       Both:     61.53 MB used.

Virtual space:
  Non-class space:       64.00 MB reserved,      53.25 MB ( 83%) committed,  1 nodes.
      Class space:        1.00 GB reserved,       8.88 MB ( <1%) committed,  1 nodes.
             Both:        1.06 GB reserved,      62.12 MB (  6%) committed. 

Chunk freelists:
   Non-Class:  10.34 MB
       Class:  7.17 MB
        Both:  17.52 MB

MaxMetaspaceSize: unlimited
CompressedClassSpaceSize: 1.00 GB
Initial GC threshold: 21.00 MB
Current GC threshold: 98.12 MB
CDS: on
MetaspaceReclaimPolicy: balanced
 - commit_granule_bytes: 65536.
 - commit_granule_words: 8192.
 - virtual_space_node_default_size: 8388608.
 - enlarge_chunks_in_place: 1.
 - new_chunks_are_fully_committed: 0.
 - uncommit_free_chunks: 1.
 - use_allocation_guard: 0.
 - handle_deallocations: 1.


Internal statistics:

num_allocs_failed_limit: 9.
num_arena_births: 650.
num_arena_deaths: 2.
num_vsnodes_births: 2.
num_vsnodes_deaths: 0.
num_space_committed: 992.
num_space_uncommitted: 0.
num_chunks_returned_to_freelist: 14.
num_chunks_taken_from_freelist: 2906.
num_chunk_merges: 9.
num_chunk_splits: 2102.
num_chunks_enlarged: 1624.
num_inconsistent_stats: 0.

CodeHeap 'non-profiled nmethods': size=120000Kb used=3721Kb max_used=3721Kb free=116278Kb
 bounds [0x0000020e3b030000, 0x0000020e3b3e0000, 0x0000020e42560000]
CodeHeap 'profiled nmethods': size=120000Kb used=11320Kb max_used=11320Kb free=108680Kb
 bounds [0x0000020e33560000, 0x0000020e34070000, 0x0000020e3aa90000]
CodeHeap 'non-nmethods': size=5760Kb used=2363Kb max_used=2449Kb free=3396Kb
 bounds [0x0000020e3aa90000, 0x0000020e3ad00000, 0x0000020e3b030000]
 total_blobs=6629 nmethods=5742 adapters=799
 compilation: enabled
              stopped_count=0, restarted_count=0
 full_count=0

Compilation events (20 events):
Event: 25.933 Thread 0x0000020e49f046d0 6468       3       org.jetbrains.kotlin.com.intellij.util.containers.FactoryMap::nullize (13 bytes)
Event: 25.933 Thread 0x0000020e49f046d0 nmethod 6468 0x0000020e34067810 code [0x0000020e340679a0, 0x0000020e34067b58]
Event: 25.933 Thread 0x0000020e49f046d0 6469       3       org.jetbrains.kotlin.com.intellij.util.containers.FactoryMap::FAKE_NULL (4 bytes)
Event: 25.933 Thread 0x0000020e49f046d0 nmethod 6469 0x0000020e33d25610 code [0x0000020e33d257a0, 0x0000020e33d25898]
Event: 25.933 Thread 0x0000020e49f046d0 6471       3       org.jetbrains.kotlin.com.intellij.openapi.util.RecursionManager$2::<init> (10 bytes)
Event: 25.934 Thread 0x0000020e49f046d0 nmethod 6471 0x0000020e34067c10 code [0x0000020e34067da0, 0x0000020e34067f18]
Event: 25.934 Thread 0x0000020e49f027a0 nmethod 6475 0x0000020e3b3d1710 code [0x0000020e3b3d18a0, 0x0000020e3b3d19e8]
Event: 25.934 Thread 0x0000020e49f046d0 6472       3       org.jetbrains.kotlin.com.intellij.openapi.util.RecursionManager$2::mayCacheNow (61 bytes)
Event: 25.934 Thread 0x0000020e49f027a0 6478       4       org.jetbrains.kotlin.com.intellij.openapi.vfs.impl.jar.CoreJarHandler::getOrCreateFile (106 bytes)
Event: 25.934 Thread 0x0000020e49f046d0 nmethod 6472 0x0000020e34068010 code [0x0000020e34068220, 0x0000020e340688c8]
Event: 25.934 Thread 0x0000020e49f046d0 6470       3       org.jetbrains.kotlin.com.intellij.openapi.util.RecursionManager::markStack (22 bytes)
Event: 25.935 Thread 0x0000020e49f046d0 nmethod 6470 0x0000020e34068b10 code [0x0000020e34068ce0, 0x0000020e340690a8]
Event: 25.935 Thread 0x0000020e49f046d0 6473       3       org.jetbrains.kotlin.com.intellij.openapi.util.RecursionManager::access$000 (4 bytes)
Event: 25.935 Thread 0x0000020e49f046d0 nmethod 6473 0x0000020e33d30190 code [0x0000020e33d30320, 0x0000020e33d30418]
Event: 25.935 Thread 0x0000020e49f046d0 6474       3       org.jetbrains.kotlin.com.intellij.util.containers.FactoryMap$1::create (11 bytes)
Event: 25.935 Thread 0x0000020e49f046d0 nmethod 6474 0x0000020e34069210 code [0x0000020e340693c0, 0x0000020e34069588]
Event: 25.935 Thread 0x0000020e49f046d0 6476       3       org.jetbrains.kotlin.com.intellij.openapi.vfs.impl.jar.CoreJarHandler$$Lambda$963/0x0000020e4b8d23f8::fun (8 bytes)
Event: 25.935 Thread 0x0000020e49f046d0 nmethod 6476 0x0000020e34069690 code [0x0000020e34069860, 0x0000020e34069d18]
Event: 25.935 Thread 0x0000020e49f046d0 6477       3       org.jetbrains.kotlin.com.intellij.openapi.vfs.impl.jar.CoreJarHandler::lambda$new$0 (8 bytes)
Event: 25.936 Thread 0x0000020e49f046d0 nmethod 6477 0x0000020e34069e90 code [0x0000020e3406a040, 0x0000020e3406a378]

GC Heap History (20 events):
Event: 13.887 GC heap before
{Heap before GC invocations=7 (full 0):
 garbage-first heap   total 86016K, used 63197K [0x0000000080000000, 0x0000000100000000)
  region size 1024K, 37 young (37888K), 3 survivors (3072K)
 Metaspace       used 33910K, committed 34304K, reserved 1114112K
  class space    used 4946K, committed 5120K, reserved 1048576K
}
Event: 13.893 GC heap after
{Heap after GC invocations=8 (full 0):
 garbage-first heap   total 86016K, used 30320K [0x0000000080000000, 0x0000000100000000)
  region size 1024K, 5 young (5120K), 5 survivors (5120K)
 Metaspace       used 33910K, committed 34304K, reserved 1114112K
  class space    used 4946K, committed 5120K, reserved 1048576K
}
Event: 14.618 GC heap before
{Heap before GC invocations=8 (full 0):
 garbage-first heap   total 86016K, used 56944K [0x0000000080000000, 0x0000000100000000)
  region size 1024K, 32 young (32768K), 5 survivors (5120K)
 Metaspace       used 35610K, committed 35968K, reserved 1114112K
  class space    used 5156K, committed 5312K, reserved 1048576K
}
Event: 14.628 GC heap after
{Heap after GC invocations=9 (full 0):
 garbage-first heap   total 86016K, used 31274K [0x0000000080000000, 0x0000000100000000)
  region size 1024K, 5 young (5120K), 5 survivors (5120K)
 Metaspace       used 35610K, committed 35968K, reserved 1114112K
  class space    used 5156K, committed 5312K, reserved 1048576K
}
Event: 16.400 GC heap before
{Heap before GC invocations=10 (full 0):
 garbage-first heap   total 86016K, used 65066K [0x0000000080000000, 0x0000000100000000)
  region size 1024K, 38 young (38912K), 5 survivors (5120K)
 Metaspace       used 41513K, committed 41920K, reserved 1114112K
  class space    used 5847K, committed 6016K, reserved 1048576K
}
Event: 16.408 GC heap after
{Heap after GC invocations=11 (full 0):
 garbage-first heap   total 86016K, used 34794K [0x0000000080000000, 0x0000000100000000)
  region size 1024K, 5 young (5120K), 5 survivors (5120K)
 Metaspace       used 41513K, committed 41920K, reserved 1114112K
  class space    used 5847K, committed 6016K, reserved 1048576K
}
Event: 16.430 GC heap before
{Heap before GC invocations=11 (full 0):
 garbage-first heap   total 86016K, used 35818K [0x0000000080000000, 0x0000000100000000)
  region size 1024K, 6 young (6144K), 5 survivors (5120K)
 Metaspace       used 41525K, committed 41920K, reserved 1114112K
  class space    used 5847K, committed 6016K, reserved 1048576K
}
Event: 16.437 GC heap after
{Heap after GC invocations=12 (full 0):
 garbage-first heap   total 86016K, used 35471K [0x0000000080000000, 0x0000000100000000)
  region size 1024K, 1 young (1024K), 1 survivors (1024K)
 Metaspace       used 41525K, committed 41920K, reserved 1114112K
  class space    used 5847K, committed 6016K, reserved 1048576K
}
Event: 16.599 GC heap before
{Heap before GC invocations=12 (full 0):
 garbage-first heap   total 86016K, used 41615K [0x0000000080000000, 0x0000000100000000)
  region size 1024K, 5 young (5120K), 1 survivors (1024K)
 Metaspace       used 41777K, committed 42176K, reserved 1114112K
  class space    used 5879K, committed 6080K, reserved 1048576K
}
Event: 16.604 GC heap after
{Heap after GC invocations=13 (full 0):
 garbage-first heap   total 86016K, used 37141K [0x0000000080000000, 0x0000000100000000)
  region size 1024K, 1 young (1024K), 1 survivors (1024K)
 Metaspace       used 41777K, committed 42176K, reserved 1114112K
  class space    used 5879K, committed 6080K, reserved 1048576K
}
Event: 17.180 GC heap before
{Heap before GC invocations=13 (full 0):
 garbage-first heap   total 86016K, used 68885K [0x0000000080000000, 0x0000000100000000)
  region size 1024K, 30 young (30720K), 1 survivors (1024K)
 Metaspace       used 42656K, committed 43072K, reserved 1114112K
  class space    used 5908K, committed 6144K, reserved 1048576K
}
Event: 17.189 GC heap after
{Heap after GC invocations=14 (full 0):
 garbage-first heap   total 172032K, used 37369K [0x0000000080000000, 0x0000000100000000)
  region size 1024K, 3 young (3072K), 3 survivors (3072K)
 Metaspace       used 42656K, committed 43072K, reserved 1114112K
  class space    used 5908K, committed 6144K, reserved 1048576K
}
Event: 18.166 GC heap before
{Heap before GC invocations=14 (full 0):
 garbage-first heap   total 172032K, used 128505K [0x0000000080000000, 0x0000000100000000)
  region size 1024K, 92 young (94208K), 3 survivors (3072K)
 Metaspace       used 42667K, committed 43136K, reserved 1114112K
  class space    used 5908K, committed 6144K, reserved 1048576K
}
Event: 18.183 GC heap after
{Heap after GC invocations=15 (full 0):
 garbage-first heap   total 172032K, used 42269K [0x0000000080000000, 0x0000000100000000)
  region size 1024K, 8 young (8192K), 8 survivors (8192K)
 Metaspace       used 42667K, committed 43136K, reserved 1114112K
  class space    used 5908K, committed 6144K, reserved 1048576K
}
Event: 21.018 GC heap before
{Heap before GC invocations=15 (full 0):
 garbage-first heap   total 172032K, used 130333K [0x0000000080000000, 0x0000000100000000)
  region size 1024K, 95 young (97280K), 8 survivors (8192K)
 Metaspace       used 46092K, committed 46592K, reserved 1114112K
  class space    used 6295K, committed 6528K, reserved 1048576K
}
Event: 21.034 GC heap after
{Heap after GC invocations=16 (full 0):
 garbage-first heap   total 172032K, used 46738K [0x0000000080000000, 0x0000000100000000)
  region size 1024K, 10 young (10240K), 10 survivors (10240K)
 Metaspace       used 46092K, committed 46592K, reserved 1114112K
  class space    used 6295K, committed 6528K, reserved 1048576K
}
Event: 24.427 GC heap before
{Heap before GC invocations=16 (full 0):
 garbage-first heap   total 172032K, used 135826K [0x0000000080000000, 0x0000000100000000)
  region size 1024K, 96 young (98304K), 10 survivors (10240K)
 Metaspace       used 59111K, committed 59648K, reserved 1114112K
  class space    used 8312K, committed 8576K, reserved 1048576K
}
Event: 24.453 GC heap after
{Heap after GC invocations=17 (full 0):
 garbage-first heap   total 172032K, used 48749K [0x0000000080000000, 0x0000000100000000)
  region size 1024K, 7 young (7168K), 7 survivors (7168K)
 Metaspace       used 59111K, committed 59648K, reserved 1114112K
  class space    used 8312K, committed 8576K, reserved 1048576K
}
Event: 24.652 GC heap before
{Heap before GC invocations=17 (full 0):
 garbage-first heap   total 172032K, used 51821K [0x0000000080000000, 0x0000000100000000)
  region size 1024K, 11 young (11264K), 7 survivors (7168K)
 Metaspace       used 59664K, committed 60160K, reserved 1114112K
  class space    used 8387K, committed 8640K, reserved 1048576K
}
Event: 24.664 GC heap after
{Heap after GC invocations=18 (full 0):
 garbage-first heap   total 172032K, used 48914K [0x0000000080000000, 0x0000000100000000)
  region size 1024K, 3 young (3072K), 3 survivors (3072K)
 Metaspace       used 59664K, committed 60160K, reserved 1114112K
  class space    used 8387K, committed 8640K, reserved 1048576K
}

Deoptimization events (20 events):
Event: 25.587 Thread 0x0000020e8f249030 DEOPT PACKING pc=0x0000020e3b1ec074 sp=0x00000084b12f5580
Event: 25.587 Thread 0x0000020e8f249030 DEOPT UNPACKING pc=0x0000020e3aae23a3 sp=0x00000084b12f5500 mode 2
Event: 25.587 Thread 0x0000020e8f249030 Uncommon trap: trap_request=0xffffff45 fr.pc=0x0000020e3b360bec relative=0x00000000000001cc
Event: 25.587 Thread 0x0000020e8f249030 Uncommon trap: reason=unstable_if action=reinterpret pc=0x0000020e3b360bec method=java.net.URI$Parser.scan(IIJJ)I @ 42 c2
Event: 25.587 Thread 0x0000020e8f249030 DEOPT PACKING pc=0x0000020e3b360bec sp=0x00000084b12f53f0
Event: 25.587 Thread 0x0000020e8f249030 DEOPT UNPACKING pc=0x0000020e3aae23a3 sp=0x00000084b12f5370 mode 2
Event: 25.657 Thread 0x0000020e8f249030 Uncommon trap: trap_request=0xffffff45 fr.pc=0x0000020e3b187148 relative=0x00000000000000c8
Event: 25.657 Thread 0x0000020e8f249030 Uncommon trap: reason=unstable_if action=reinterpret pc=0x0000020e3b187148 method=java.lang.ref.SoftReference.get()Ljava/lang/Object; @ 6 c2
Event: 25.657 Thread 0x0000020e8f249030 DEOPT PACKING pc=0x0000020e3b187148 sp=0x00000084b12f5c60
Event: 25.657 Thread 0x0000020e8f249030 DEOPT UNPACKING pc=0x0000020e3aae23a3 sp=0x00000084b12f5c18 mode 2
Event: 25.666 Thread 0x0000020e8f249030 DEOPT PACKING pc=0x0000020e3363e93d sp=0x00000084b12f54b0
Event: 25.666 Thread 0x0000020e8f249030 DEOPT UNPACKING pc=0x0000020e3aae2b43 sp=0x00000084b12f4948 mode 0
Event: 25.806 Thread 0x0000020e8f249030 Uncommon trap: trap_request=0xffffff45 fr.pc=0x0000020e3b3c01f8 relative=0x0000000000000518
Event: 25.806 Thread 0x0000020e8f249030 Uncommon trap: reason=unstable_if action=reinterpret pc=0x0000020e3b3c01f8 method=org.jetbrains.kotlin.com.intellij.openapi.vfs.impl.ZipEntryMap.isTheOne(Lorg/jetbrains/kotlin/com/intellij/openapi/vfs/impl/ArchiveHandler$EntryInfo;Ljava/lang/CharSequence;
Event: 25.806 Thread 0x0000020e8f249030 DEOPT PACKING pc=0x0000020e3b3c01f8 sp=0x00000084b12f59b0
Event: 25.806 Thread 0x0000020e8f249030 DEOPT UNPACKING pc=0x0000020e3aae23a3 sp=0x00000084b12f5978 mode 2
Event: 25.820 Thread 0x0000020e8f249030 Uncommon trap: trap_request=0xffffff45 fr.pc=0x0000020e3b3c14c4 relative=0x00000000000008a4
Event: 25.820 Thread 0x0000020e8f249030 Uncommon trap: reason=unstable_if action=reinterpret pc=0x0000020e3b3c14c4 method=org.jetbrains.kotlin.com.intellij.openapi.vfs.impl.ZipEntryMap.get(Ljava/lang/Object;)Lorg/jetbrains/kotlin/com/intellij/openapi/vfs/impl/ArchiveHandler$EntryInfo; @ 61 c2
Event: 25.820 Thread 0x0000020e8f249030 DEOPT PACKING pc=0x0000020e3b3c14c4 sp=0x00000084b12f5a10
Event: 25.820 Thread 0x0000020e8f249030 DEOPT UNPACKING pc=0x0000020e3aae23a3 sp=0x00000084b12f59e8 mode 2

Classes unloaded (3 events):
Event: 24.780 Thread 0x0000020e49edb810 Unloading class 0x0000020e4b5943e8 '_BuildScript_$_run_closure1$_closure2'
Event: 24.780 Thread 0x0000020e49edb810 Unloading class 0x0000020e4b594000 '_BuildScript_$_run_closure1'
Event: 24.780 Thread 0x0000020e49edb810 Unloading class 0x0000020e4b58c000 '_BuildScript_'

Classes redefined (0 events):
No events

Internal exceptions (20 events):
Event: 20.284 Thread 0x0000020e8f249030 Exception <a 'java/lang/NoSuchMethodError'{0x000000008699d070}: 'java.lang.Object java.lang.invoke.DirectMethodHandle$Holder.invokeStatic(java.lang.Object, java.lang.Object, java.lang.Object, java.lang.Object, java.lang.Object, java.lang.Object, java.lang.Object, java.lang.Object, java.lang.Object, java.lang.Object, java.lang.Object, java.lang.Object, java.lang.Object, java.lang.Object, java.lang.Object, java.lang.Object, java.lang.Object, java.lang.Object, java.lang.Object, java.lang.Object, java.lang.Obj
Event: 20.288 Thread 0x0000020e8f249030 Exception <a 'java/lang/NoSuchMethodError'{0x00000000869ca7f0}: 'java.lang.Object java.lang.invoke.DirectMethodHandle$Holder.invokeStatic(java.lang.Object, java.lang.Object, java.lang.Object, java.lang.Object, java.lang.Object, java.lang.Object, java.lang.Object, java.lang.Object, java.lang.Object, java.lang.Object, java.lang.Object, java.lang.Object, java.lang.Object, java.lang.Object, java.lang.Object, java.lang.Object, java.lang.Object, java.lang.Object, java.lang.Object, java.lang.Object, java.lang.Obj
Event: 20.293 Thread 0x0000020e8f249030 Exception <a 'java/lang/NoSuchMethodError'{0x00000000869f9018}: 'java.lang.Object java.lang.invoke.DirectMethodHandle$Holder.invokeStatic(java.lang.Object, java.lang.Object, java.lang.Object, java.lang.Object, java.lang.Object, java.lang.Object, java.lang.Object, java.lang.Object, java.lang.Object, java.lang.Object, java.lang.Object, java.lang.Object, java.lang.Object, java.lang.Object, java.lang.Object, java.lang.Object, java.lang.Object, java.lang.Object, java.lang.Object, java.lang.Object, java.lang.Obj
Event: 20.296 Thread 0x0000020e8f249030 Exception <a 'java/lang/NoSuchMethodError'{0x0000000086828780}: 'java.lang.Object java.lang.invoke.DirectMethodHandle$Holder.invokeStatic(java.lang.Object, java.lang.Object, java.lang.Object, java.lang.Object, java.lang.Object, java.lang.Object, java.lang.Object, java.lang.Object, java.lang.Object, java.lang.Object, java.lang.Object, java.lang.Object, java.lang.Object, java.lang.Object, java.lang.Object, java.lang.Object, java.lang.Object, java.lang.Object, java.lang.Object, java.lang.Object, java.lang.Obj
Event: 20.303 Thread 0x0000020e8f249030 Exception <a 'java/lang/NoSuchMethodError'{0x0000000086859820}: 'java.lang.Object java.lang.invoke.DirectMethodHandle$Holder.invokeStatic(java.lang.Object, java.lang.Object, java.lang.Object, java.lang.Object, java.lang.Object, java.lang.Object, java.lang.Object, java.lang.Object, java.lang.Object, java.lang.Object, java.lang.Object, java.lang.Object, java.lang.Object, java.lang.Object, java.lang.Object, java.lang.Object, java.lang.Object, java.lang.Object, java.lang.Object, java.lang.Object, java.lang.Obj
Event: 20.307 Thread 0x0000020e8f249030 Exception <a 'java/lang/NoSuchMethodError'{0x000000008688c3a8}: 'java.lang.Object java.lang.invoke.DirectMethodHandle$Holder.invokeStatic(java.lang.Object, java.lang.Object, java.lang.Object, java.lang.Object, java.lang.Object, java.lang.Object, java.lang.Object, java.lang.Object, java.lang.Object, java.lang.Object, java.lang.Object, java.lang.Object, java.lang.Object, java.lang.Object, java.lang.Object, java.lang.Object, java.lang.Object, java.lang.Object, java.lang.Object, java.lang.Object, java.lang.Obj
Event: 23.129 Thread 0x0000020e8f249030 Exception <a 'sun/nio/fs/WindowsException'{0x00000000875d7468}> (0x00000000875d7468) 
thrown [s\open\src\hotspot\share\prims\jni.cpp, line 516]
Event: 23.129 Thread 0x0000020e8f249030 Exception <a 'sun/nio/fs/WindowsException'{0x00000000875d8f48}> (0x00000000875d8f48) 
thrown [s\open\src\hotspot\share\prims\jni.cpp, line 516]
Event: 23.410 Thread 0x0000020e8f249030 Exception <a 'java/lang/NoSuchMethodError'{0x0000000086a2cbf8}: 'long java.lang.invoke.DirectMethodHandle$Holder.invokeStatic(java.lang.Object)'> (0x0000000086a2cbf8) 
thrown [s\open\src\hotspot\share\interpreter\linkResolver.cpp, line 759]
Event: 23.411 Thread 0x0000020e8f249030 Exception <a 'java/lang/NoSuchMethodError'{0x0000000086a31798}: 'long java.lang.invoke.DirectMethodHandle$Holder.invokeStaticInit(java.lang.Object)'> (0x0000000086a31798) 
thrown [s\open\src\hotspot\share\interpreter\linkResolver.cpp, line 759]
Event: 23.541 Thread 0x0000020e8f249030 Exception <a 'java/lang/NoSuchMethodError'{0x0000000086560e20}: 'long java.lang.invoke.Invokers$Holder.invoke_MT(java.lang.Object, java.lang.Object, java.lang.Object, java.lang.Object)'> (0x0000000086560e20) 
thrown [s\open\src\hotspot\share\interpreter\linkResolver.cpp, line 759]
Event: 23.544 Thread 0x0000020e8f249030 Exception <a 'java/lang/NoSuchMethodError'{0x000000008656a1c8}: 'int java.lang.invoke.Invokers$Holder.invoke_MT(java.lang.Object, java.lang.Object, java.lang.Object, java.lang.Object)'> (0x000000008656a1c8) 
thrown [s\open\src\hotspot\share\interpreter\linkResolver.cpp, line 759]
Event: 23.549 Thread 0x0000020e8f249030 Exception <a 'java/lang/NoSuchMethodError'{0x000000008657a9f0}: 'void java.lang.invoke.DelegatingMethodHandle$Holder.reinvoke_L(java.lang.Object, java.lang.Object, java.lang.Object, long, java.lang.Object)'> (0x000000008657a9f0) 
thrown [s\open\src\hotspot\share\interpreter\linkResolver.cpp, line 759]
Event: 23.550 Thread 0x0000020e8f249030 Exception <a 'java/lang/NoSuchMethodError'{0x0000000086583320}: 'java.lang.Object java.lang.invoke.DirectMethodHandle$Holder.invokeSpecial(java.lang.Object, java.lang.Object, java.lang.Object, java.lang.Object, long)'> (0x0000000086583320) 
thrown [s\open\src\hotspot\share\interpreter\linkResolver.cpp, line 759]
Event: 23.553 Thread 0x0000020e8f249030 Exception <a 'java/lang/NoSuchMethodError'{0x0000000086593c70}: 'int java.lang.invoke.DelegatingMethodHandle$Holder.reinvoke_L(java.lang.Object, java.lang.Object, java.lang.Object, long, java.lang.Object, java.lang.Object)'> (0x0000000086593c70) 
thrown [s\open\src\hotspot\share\interpreter\linkResolver.cpp, line 759]
Event: 23.556 Thread 0x0000020e8f249030 Exception <a 'java/lang/NoSuchMethodError'{0x00000000865a3cb0}: 'int java.lang.invoke.DelegatingMethodHandle$Holder.reinvoke_L(java.lang.Object, java.lang.Object, java.lang.Object, long, int, int)'> (0x00000000865a3cb0) 
thrown [s\open\src\hotspot\share\interpreter\linkResolver.cpp, line 759]
Event: 23.558 Thread 0x0000020e8f249030 Exception <a 'java/lang/NoSuchMethodError'{0x00000000865b3ad0}: 'int java.lang.invoke.DelegatingMethodHandle$Holder.reinvoke_L(java.lang.Object, java.lang.Object, java.lang.Object, long, long, long)'> (0x00000000865b3ad0) 
thrown [s\open\src\hotspot\share\interpreter\linkResolver.cpp, line 759]
Event: 23.564 Thread 0x0000020e8f249030 Exception <a 'java/lang/NoSuchMethodError'{0x00000000865c3598}: 'int java.lang.invoke.DelegatingMethodHandle$Holder.reinvoke_L(java.lang.Object, java.lang.Object, java.lang.Object, long, int)'> (0x00000000865c3598) 
thrown [s\open\src\hotspot\share\interpreter\linkResolver.cpp, line 759]
Event: 25.521 Thread 0x0000020e8f249030 Exception <a 'java/lang/NoSuchMethodError'{0x000000008934ffa0}: 'java.lang.Object java.lang.invoke.Invokers$Holder.invokeExact_MT(java.lang.Object, java.lang.Object, long, java.lang.Object)'> (0x000000008934ffa0) 
thrown [s\open\src\hotspot\share\interpreter\linkResolver.cpp, line 759]
Event: 25.630 Thread 0x0000020e8f249030 Exception <a 'java/lang/NoSuchMethodError'{0x00000000891bb838}: 'java.lang.Object java.lang.invoke.Invokers$Holder.invoke_MT(java.lang.Object, java.lang.Object, java.lang.Object)'> (0x00000000891bb838) 
thrown [s\open\src\hotspot\share\interpreter\linkResolver.cpp, line 759]

VM Operations (20 events):
Event: 22.039 Executing VM operation: Cleanup
Event: 22.040 Executing VM operation: Cleanup done
Event: 23.052 Executing VM operation: Cleanup
Event: 23.052 Executing VM operation: Cleanup done
Event: 23.118 Executing VM operation: HandshakeAllThreads
Event: 23.118 Executing VM operation: HandshakeAllThreads done
Event: 24.121 Executing VM operation: Cleanup
Event: 24.121 Executing VM operation: Cleanup done
Event: 24.427 Executing VM operation: G1CollectForAllocation
Event: 24.456 Executing VM operation: G1CollectForAllocation done
Event: 24.651 Executing VM operation: CollectForMetadataAllocation
Event: 24.665 Executing VM operation: CollectForMetadataAllocation done
Event: 24.778 Executing VM operation: G1Concurrent
Event: 24.796 Executing VM operation: G1Concurrent done
Event: 24.846 Executing VM operation: G1Concurrent
Event: 24.851 Executing VM operation: G1Concurrent done
Event: 25.252 Executing VM operation: HandshakeAllThreads
Event: 25.253 Executing VM operation: HandshakeAllThreads done
Event: 25.371 Executing VM operation: HandshakeAllThreads
Event: 25.372 Executing VM operation: HandshakeAllThreads done

Events (20 events):
Event: 25.610 loading class java/io/IOError
Event: 25.611 loading class java/io/IOError done
Event: 25.629 loading class java/nio/channels/FileChannel$MapMode
Event: 25.629 loading class java/nio/channels/FileChannel$MapMode done
Event: 25.629 loading class jdk/internal/misc/ExtendedMapMode
Event: 25.629 loading class jdk/internal/misc/ExtendedMapMode done
Event: 25.630 loading class sun/nio/ch/FileChannelImpl$DefaultUnmapper
Event: 25.631 loading class sun/nio/ch/FileChannelImpl$Unmapper
Event: 25.631 loading class jdk/internal/access/foreign/UnmapperProxy
Event: 25.631 loading class jdk/internal/access/foreign/UnmapperProxy done
Event: 25.631 loading class sun/nio/ch/FileChannelImpl$Unmapper done
Event: 25.631 loading class sun/nio/ch/FileChannelImpl$DefaultUnmapper done
Event: 25.631 loading class sun/nio/ch/Util$4
Event: 25.631 loading class sun/nio/ch/Util$4 done
Event: 25.631 loading class jdk/internal/access/foreign/MemorySegmentProxy
Event: 25.631 loading class jdk/internal/access/foreign/MemorySegmentProxy done
Event: 25.633 loading class java/io/UTFDataFormatException
Event: 25.633 loading class java/io/UTFDataFormatException done
Event: 25.775 Thread 0x0000020e9497ea60 Thread added: 0x0000020e9497ea60
Event: 25.775 Thread 0x0000020e90989c60 Thread added: 0x0000020e90989c60


Dynamic libraries:
0x00007ff7238d0000 - 0x00007ff7238e0000 	C:\Users\pc\Pictures\New folder\jdk17\bin\java.exe
0x00007ffa455f0000 - 0x00007ffa457e8000 	C:\Windows\SYSTEM32\ntdll.dll
0x00007ffa454e0000 - 0x00007ffa455a2000 	C:\Windows\System32\KERNEL32.DLL
0x00007ffa43310000 - 0x00007ffa4360e000 	C:\Windows\System32\KERNELBASE.dll
0x00007ffa42ee0000 - 0x00007ffa42fe0000 	C:\Windows\System32\ucrtbase.dll
0x00007ffa07910000 - 0x00007ffa07929000 	C:\Users\pc\Pictures\New folder\jdk17\bin\jli.dll
0x00007ffa078f0000 - 0x00007ffa0790b000 	C:\Users\pc\Pictures\New folder\jdk17\bin\VCRUNTIME140.dll
0x00007ffa44170000 - 0x00007ffa44221000 	C:\Windows\System32\ADVAPI32.dll
0x00007ffa451a0000 - 0x00007ffa4523e000 	C:\Windows\System32\msvcrt.dll
0x00007ffa44360000 - 0x00007ffa443ff000 	C:\Windows\System32\sechost.dll
0x00007ffa44230000 - 0x00007ffa44353000 	C:\Windows\System32\RPCRT4.dll
0x00007ffa42eb0000 - 0x00007ffa42ed7000 	C:\Windows\System32\bcrypt.dll
0x00007ffa43e60000 - 0x00007ffa43ffd000 	C:\Windows\System32\USER32.dll
0x00007ffa42c90000 - 0x00007ffa42cb2000 	C:\Windows\System32\win32u.dll
0x00007ffa28410000 - 0x00007ffa286aa000 	C:\Windows\WinSxS\amd64_microsoft.windows.common-controls_6595b64144ccf1df_6.0.19041.4355_none_60b8b9eb71f62e16\COMCTL32.dll
0x00007ffa44140000 - 0x00007ffa4416b000 	C:\Windows\System32\GDI32.dll
0x00007ffa43100000 - 0x00007ffa43217000 	C:\Windows\System32\gdi32full.dll
0x00007ffa43220000 - 0x00007ffa432bd000 	C:\Windows\System32\msvcp_win.dll
0x00007ffa40f00000 - 0x00007ffa40f0a000 	C:\Windows\SYSTEM32\VERSION.dll
0x00007ffa45040000 - 0x00007ffa4506f000 	C:\Windows\System32\IMM32.DLL
0x00007ffa08d60000 - 0x00007ffa08d6c000 	C:\Users\pc\Pictures\New folder\jdk17\bin\vcruntime140_1.dll
0x00007ffa077d0000 - 0x00007ffa0785e000 	C:\Users\pc\Pictures\New folder\jdk17\bin\msvcp140.dll
0x00007ffa03720000 - 0x00007ffa04300000 	C:\Users\pc\Pictures\New folder\jdk17\bin\server\jvm.dll
0x00007ffa44130000 - 0x00007ffa44138000 	C:\Windows\System32\PSAPI.DLL
0x00007ffa0ead0000 - 0x00007ffa0ead9000 	C:\Windows\SYSTEM32\WSOCK32.dll
0x00007ffa2ac70000 - 0x00007ffa2ac97000 	C:\Windows\SYSTEM32\WINMM.dll
0x00007ffa44470000 - 0x00007ffa444db000 	C:\Windows\System32\WS2_32.dll
0x00007ffa416e0000 - 0x00007ffa416f2000 	C:\Windows\SYSTEM32\kernel.appcore.dll
0x00007ffa075b0000 - 0x00007ffa075ba000 	C:\Users\pc\Pictures\New folder\jdk17\bin\jimage.dll
0x00007ffa40d10000 - 0x00007ffa40ef4000 	C:\Windows\SYSTEM32\DBGHELP.DLL
0x00007ffa29220000 - 0x00007ffa29254000 	C:\Windows\SYSTEM32\dbgcore.DLL
0x00007ffa42e20000 - 0x00007ffa42ea2000 	C:\Windows\System32\bcryptPrimitives.dll
0x00007ffa02cf0000 - 0x00007ffa02cfe000 	C:\Users\pc\Pictures\New folder\jdk17\bin\instrument.dll
0x00007ffa077a0000 - 0x00007ffa077c5000 	C:\Users\pc\Pictures\New folder\jdk17\bin\java.dll
0x00007ffa07380000 - 0x00007ffa07457000 	C:\Users\pc\Pictures\New folder\jdk17\bin\jsvml.dll
0x00007ffa44870000 - 0x00007ffa44fdd000 	C:\Windows\System32\SHELL32.dll
0x00007ffa40490000 - 0x00007ffa40c34000 	C:\Windows\SYSTEM32\windows.storage.dll
0x00007ffa43610000 - 0x00007ffa43963000 	C:\Windows\System32\combase.dll
0x00007ffa425e0000 - 0x00007ffa4260e000 	C:\Windows\SYSTEM32\Wldp.dll
0x00007ffa45240000 - 0x00007ffa4530d000 	C:\Windows\System32\OLEAUT32.dll
0x00007ffa447c0000 - 0x00007ffa4486d000 	C:\Windows\System32\SHCORE.dll
0x00007ffa44400000 - 0x00007ffa44455000 	C:\Windows\System32\shlwapi.dll
0x00007ffa42bc0000 - 0x00007ffa42be4000 	C:\Windows\SYSTEM32\profapi.dll
0x00007ffa06e50000 - 0x00007ffa06e68000 	C:\Users\pc\Pictures\New folder\jdk17\bin\zip.dll
0x00007ffa06e90000 - 0x00007ffa06ea9000 	C:\Users\pc\Pictures\New folder\jdk17\bin\net.dll
0x00007ffa3e750000 - 0x00007ffa3e85d000 	C:\Windows\SYSTEM32\WINHTTP.dll
0x00007ffa423c0000 - 0x00007ffa4242a000 	C:\Windows\system32\mswsock.dll
0x00007ffa06e70000 - 0x00007ffa06e86000 	C:\Users\pc\Pictures\New folder\jdk17\bin\nio.dll
0x00007ffa25820000 - 0x00007ffa25830000 	C:\Users\pc\Pictures\New folder\jdk17\bin\verify.dll
0x00007ffa2d3a0000 - 0x00007ffa2d3c7000 	C:\Users\pc\.gradle\native\c067742578af261105cb4f569cf0c3c89f3d7b1fecec35dd04571415982c5e48\windows-amd64\native-platform.dll
0x00007ff9b0ae0000 - 0x00007ff9b0c24000 	C:\Users\pc\.gradle\native\38dada09dfb8b06ba9b0570ebf7e218e3eb74d4ef43ca46872605cf95ebc2f47\windows-amd64\native-platform-file-events.dll
0x00007ff9fa430000 - 0x00007ff9fa43a000 	C:\Users\pc\Pictures\New folder\jdk17\bin\management.dll
0x00007ff9fa420000 - 0x00007ff9fa42b000 	C:\Users\pc\Pictures\New folder\jdk17\bin\management_ext.dll
0x00007ffa42620000 - 0x00007ffa42638000 	C:\Windows\SYSTEM32\CRYPTSP.dll
0x00007ffa41c90000 - 0x00007ffa41cc4000 	C:\Windows\system32\rsaenh.dll
0x00007ffa42b80000 - 0x00007ffa42bae000 	C:\Windows\SYSTEM32\USERENV.dll
0x00007ffa42550000 - 0x00007ffa4255c000 	C:\Windows\SYSTEM32\CRYPTBASE.dll
0x00007ffa42070000 - 0x00007ffa420ab000 	C:\Windows\SYSTEM32\IPHLPAPI.DLL
0x00007ffa44460000 - 0x00007ffa44468000 	C:\Windows\System32\NSI.dll
0x00007ffa3ce80000 - 0x00007ffa3ce97000 	C:\Windows\SYSTEM32\dhcpcsvc6.DLL
0x00007ffa3cd10000 - 0x00007ffa3cd2d000 	C:\Windows\SYSTEM32\dhcpcsvc.DLL
0x00007ffa420c0000 - 0x00007ffa4218a000 	C:\Windows\SYSTEM32\DNSAPI.dll
0x00007ffa17180000 - 0x00007ffa1718e000 	C:\Users\pc\Pictures\New folder\jdk17\bin\sunmscapi.dll
0x00007ffa42cc0000 - 0x00007ffa42e1c000 	C:\Windows\System32\CRYPT32.dll
0x00007ffa42730000 - 0x00007ffa42757000 	C:\Windows\SYSTEM32\ncrypt.dll
0x00007ffa426f0000 - 0x00007ffa4272b000 	C:\Windows\SYSTEM32\NTASN1.dll
0x00007ff9fa440000 - 0x00007ff9fa447000 	C:\Windows\system32\wshunix.dll

dbghelp: loaded successfully - version: 4.0.5 - missing functions: none
symbol engine: initialized successfully - sym options: 0x614 - pdb path: .;C:\Users\pc\Pictures\New folder\jdk17\bin;C:\Windows\SYSTEM32;C:\Windows\WinSxS\amd64_microsoft.windows.common-controls_6595b64144ccf1df_6.0.19041.4355_none_60b8b9eb71f62e16;C:\Users\pc\Pictures\New folder\jdk17\bin\server;C:\Users\pc\.gradle\native\c067742578af261105cb4f569cf0c3c89f3d7b1fecec35dd04571415982c5e48\windows-amd64;C:\Users\pc\.gradle\native\38dada09dfb8b06ba9b0570ebf7e218e3eb74d4ef43ca46872605cf95ebc2f47\windows-amd64

VM Arguments:
jvm_args: --add-opens=java.base/java.util=ALL-UNNAMED --add-opens=java.base/java.lang=ALL-UNNAMED --add-opens=java.base/java.lang.invoke=ALL-UNNAMED --add-opens=java.prefs/java.util.prefs=ALL-UNNAMED --add-opens=java.base/java.nio.charset=ALL-UNNAMED --add-opens=java.base/java.net=ALL-UNNAMED --add-opens=java.base/java.util.concurrent.atomic=ALL-UNNAMED -Xmx2048m -Dfile.encoding=UTF-8 -Duser.country=FR -Duser.language=fr -Duser.variant -javaagent:C:\Users\pc\.gradle\wrapper\dists\gradle-8.7-bin\bhs2wmbdwecv87pi65oeuq5iu\gradle-8.7\lib\agents\gradle-instrumentation-agent-8.7.jar 
java_command: org.gradle.launcher.daemon.bootstrap.GradleDaemon 8.7
java_class_path (initial): C:\Users\pc\.gradle\wrapper\dists\gradle-8.7-bin\bhs2wmbdwecv87pi65oeuq5iu\gradle-8.7\lib\gradle-launcher-8.7.jar
Launcher Type: SUN_STANDARD

[Global flags]
     intx CICompilerCount                          = 4                                         {product} {ergonomic}
     uint ConcGCThreads                            = 2                                         {product} {ergonomic}
     uint G1ConcRefinementThreads                  = 8                                         {product} {ergonomic}
   size_t G1HeapRegionSize                         = 1048576                                   {product} {ergonomic}
    uintx GCDrainStackTargetSize                   = 64                                        {product} {ergonomic}
   size_t InitialHeapSize                          = 266338304                                 {product} {ergonomic}
   size_t MarkStackSize                            = 4194304                                   {product} {ergonomic}
   size_t MaxHeapSize                              = 2147483648                                {product} {command line}
   size_t MaxNewSize                               = 1287651328                                {product} {ergonomic}
   size_t MinHeapDeltaBytes                        = 1048576                                   {product} {ergonomic}
   size_t MinHeapSize                              = 8388608                                   {product} {ergonomic}
    uintx NonNMethodCodeHeapSize                   = 5839372                                {pd product} {ergonomic}
    uintx NonProfiledCodeHeapSize                  = 122909434                              {pd product} {ergonomic}
    uintx ProfiledCodeHeapSize                     = 122909434                              {pd product} {ergonomic}
    uintx ReservedCodeCacheSize                    = 251658240                              {pd product} {ergonomic}
     bool SegmentedCodeCache                       = true                                      {product} {ergonomic}
   size_t SoftMaxHeapSize                          = 2147483648                             {manageable} {ergonomic}
     bool UseCompressedClassPointers               = true                           {product lp64_product} {ergonomic}
     bool UseCompressedOops                        = true                           {product lp64_product} {ergonomic}
     bool UseG1GC                                  = true                                      {product} {ergonomic}
     bool UseLargePagesIndividualAllocation        = false                                  {pd product} {ergonomic}

Logging:
Log output configuration:
 #0: stdout all=warning uptime,level,tags
 #1: stderr all=off uptime,level,tags

Environment Variables:
JAVA_HOME=C:\Users\pc\Pictures\New folder\jdk17
PATH=C:\Users\pc\Downloads\xampp-windows-x64-7.4.33-0-VC15\xampp\php;C:\Users\pc\Desktop\app\Admin\bin;C:\Program Files\Common Files\Oracle\Java\javapath;C:\app\pc\product\21c\dbhomeXE\bin;C:\Program Files\Microsoft\jdk-11.0.16.101-hotspot\bin;C:\Program Files\Python311\Scripts\;C:\Program Files\Python311\;C:\Windows\system32;C:\Windows;C:\Windows\System32\Wbem;C:\Windows\System32\WindowsPowerShell\v1.0\;C:\Windows\System32\OpenSSH\;C:\Program Files\Microsoft VS Code\bin;C:\Program Files (x86)\Microsoft SQL Server\160\Tools\Binn\;C:\Program Files\Microsoft SQL Server\160\Tools\Binn\;C:\Program Files\Microsoft SQL Server\Client SDK\ODBC\170\Tools\Binn\;C:\Program Files\Microsoft SQL Server\160\DTS\Binn\;C:\Users\pc\Desktop\cygwin\bin;C:\Users\pc\AppData\Roaming\Python\Python311\Scripts;C:\xampp\php;C:\ProgramData\ComposerSetup\bin;C:\Program Files\dotnet\;C:\Program Files\Tesseract-OCR;C:\Users\pc\Pictures\New folder\jdk17\bin;C:\Program Files\Git\cmd;C:\Users\pc\Desktop\5IIR\mngmt qualite\sonar\sonar-scanner-6.2.1.4610-windows-x64\bin;C:\Users\pc\Desktop\apache-maven-3.9.9;C:\Program Files\nodejs\;C:\ProgramData\chocolatey\bin;C:\Users\pc\Pictures\New folder\apache-maven-3.9.9\bin;C:\Users\pc\Pictures\New folder\platform-tools;;C:\Program Files\Docker\Docker\resources\bin;C:\Users\pc\AppData\Local\Microsoft\WindowsApps;C:\Users\pc\AppData\Local\Programs\Microsoft VS Code\bin;C:\Program Files\Azure Data Studio\bin;C:\Users\pc\AppData\Roaming\Python\Python311\Scripts;C:\Users\pc\AppData\Roaming\Composer\vendor\bin;C:\Program Files\JetBrains\PyCharm 2024.1\bin;;C:\Program Files\JetBrains\PyCharm Community Edition 2023.2.3\bin;;C:\Users\pc\.dotnet\tools;C:\Program Files\JetBrains\IntelliJ IDEA 2024.2.4\bin;;C:\Users\pc\Desktop\flutter\bin;C:\Users\pc\flutter\bin;C:\Users\pc\AppData\Roaming\npm;C:\Users\pc\AppData\Local\Pub\Cache\bin;C:\Users\pc\Pictures\New folder\apache-maven-3.9.9\bin;
USERNAME=pc
OS=Windows_NT
PROCESSOR_IDENTIFIER=Intel64 Family 6 Model 142 Stepping 12, GenuineIntel



---------------  S Y S T E M  ---------------

OS:
 Windows 10 , 64 bit Build 19041 (10.0.19041.5198)
OS uptime: 0 days 10:15 hours
Hyper-V role detected

CPU: total 8 (initial active 8) (4 cores per cpu, 2 threads per core) family 6 model 142 stepping 12 microcode 0xd6, cx8, cmov, fxsr, ht, mmx, 3dnowpref, sse, sse2, sse3, ssse3, sse4.1, sse4.2, popcnt, lzcnt, tsc, tscinvbit, avx, avx2, aes, erms, clmul, bmi1, bmi2, adx, fma, vzeroupper, clflush, clflushopt, hv

Memory: 4k page, system-wide physical 16157M (1370M free)
TotalPageFile size 23279M (AvailPageFile size 0M)
current process WorkingSet (physical memory assigned to process): 350M, peak: 363M
current process commit charge ("private bytes"): 393M, peak: 435M

vm_info: Java HotSpot(TM) 64-Bit Server VM (17.0.11+7-LTS-207) for windows-amd64 JRE (17.0.11+7-LTS-207), built on Mar 11 2024 19:01:50 by "mach5one" with MS VC++ 17.6 (VS2022)

END.
